0 verbose cli /usr/bin/node /usr/bin/npm
1 info using npm@9.2.0
2 info using node@v18.19.1
3 timing npm:load:whichnode Completed in 0ms
4 timing config:load:defaults Completed in 2ms
5 timing config:load:file:/usr/share/nodejs/npm/npmrc Completed in 8ms
6 timing config:load:builtin Completed in 10ms
7 timing config:load:cli Completed in 8ms
8 timing config:load:env Completed in 1ms
9 timing config:load:file:/home/ubuntu/TWSThreeTierAppChallenge/frontend/.npmrc Completed in 1ms
10 timing config:load:project Completed in 5ms
11 timing config:load:file:/home/ubuntu/.npmrc Completed in 1ms
12 timing config:load:user Completed in 3ms
13 timing config:load:file:/etc/npmrc Completed in 3ms
14 timing config:load:global Completed in 3ms
15 timing config:load:setEnvs Completed in 15ms
16 timing config:load Completed in 48ms
17 timing npm:load:configload Completed in 49ms
18 timing npm:load:mkdirpcache Completed in 19ms
19 timing npm:load:mkdirplogs Completed in 2ms
20 verbose title npm start
21 verbose argv "start"
22 timing npm:load:setTitle Completed in 8ms
23 timing config:load:flatten Completed in 13ms
24 timing npm:load:display Completed in 15ms
25 verbose logfile logs-max:10 dir:/home/ubuntu/.npm/_logs/2026-03-07T20_21_02_018Z-
26 verbose logfile /home/ubuntu/.npm/_logs/2026-03-07T20_21_02_018Z-debug-0.log
27 timing npm:load:logFile Completed in 14ms
28 timing npm:load:timers Completed in 0ms
29 timing npm:load:configScope Completed in 0ms
30 timing npm:load Completed in 108ms
31 silly logfile done cleaning log files
32 timing config:load:flatten Completed in 2ms
33 timing command:run-script Completed in 3744ms
34 timing command:start Completed in 3752ms
35 verbose exit 1
36 timing npm Completed in 3871ms
37 verbose code 1
