0 verbose cli /usr/bin/node /usr/bin/npm
1 info using npm@9.2.0
2 info using node@v18.19.1
3 timing npm:load:whichnode Completed in 0ms
4 timing config:load:defaults Completed in 1ms
5 timing config:load:file:/usr/share/nodejs/npm/npmrc Completed in 4ms
6 timing config:load:builtin Completed in 4ms
7 timing config:load:cli Completed in 2ms
8 timing config:load:env Completed in 0ms
9 timing config:load:file:/home/ubuntu/TWSThreeTierAppChallenge/backend/.npmrc Completed in 1ms
10 timing config:load:project Completed in 1ms
11 timing config:load:file:/home/ubuntu/.npmrc Completed in 0ms
12 timing config:load:user Completed in 0ms
13 timing config:load:file:/etc/npmrc Completed in 0ms
14 timing config:load:global Completed in 0ms
15 timing config:load:setEnvs Completed in 4ms
16 timing config:load Completed in 14ms
17 timing npm:load:configload Completed in 15ms
18 timing npm:load:mkdirpcache Completed in 0ms
19 timing npm:load:mkdirplogs Completed in 1ms
20 verbose title npm install dotenv
21 verbose argv "install" "dotenv"
22 timing npm:load:setTitle Completed in 2ms
23 timing config:load:flatten Completed in 5ms
24 timing npm:load:display Completed in 6ms
25 verbose logfile logs-max:10 dir:/home/ubuntu/.npm/_logs/2026-03-07T20_19_12_411Z-
26 verbose logfile /home/ubuntu/.npm/_logs/2026-03-07T20_19_12_411Z-debug-0.log
27 timing npm:load:logFile Completed in 13ms
28 timing npm:load:timers Completed in 0ms
29 timing npm:load:configScope Completed in 0ms
30 timing npm:load Completed in 37ms
31 silly logfile done cleaning log files
32 timing config:load:flatten Completed in 1ms
33 timing arborist:ctor Completed in 1ms
34 timing idealTree:init Completed in 93ms
35 timing idealTree:userRequests Completed in 5ms
36 silly idealTree buildDeps
37 silly fetch manifest dotenv@^17.3.1
38 http fetch GET 200 https://registry.npmjs.org/dotenv 138ms (cache miss)
39 silly placeDep ROOT dotenv@17.3.1 REPLACE for: server@1.0.0 want: ^17.3.1
40 timing idealTree:#root Completed in 150ms
41 timing idealTree:node_modules/dotenv Completed in 0ms
42 timing idealTree:buildDeps Completed in 152ms
43 timing idealTree:fixDepFlags Completed in 1ms
44 timing idealTree Completed in 257ms
45 timing reify:loadTrees Completed in 258ms
46 timing reify:diffTrees Completed in 2ms
47 silly reify moves {}
48 timing reify:retireShallow Completed in 2ms
49 timing reify:createSparse Completed in 8ms
50 timing reify:loadBundles Completed in 0ms
51 silly audit bulk request {
51 silly audit   '@types/bson': [ '4.0.3' ],
51 silly audit   '@types/mongodb': [ '3.6.18' ],
51 silly audit   '@types/node': [ '15.12.2' ],
51 silly audit   accepts: [ '1.3.7' ],
51 silly audit   'array-flatten': [ '1.1.1' ],
51 silly audit   bl: [ '2.2.1' ],
51 silly audit   bluebird: [ '3.5.1' ],
51 silly audit   'body-parser': [ '1.19.0' ],
51 silly audit   bson: [ '1.1.6' ],
51 silly audit   bytes: [ '3.1.0' ],
51 silly audit   'content-disposition': [ '0.5.3' ],
51 silly audit   'content-type': [ '1.0.4' ],
51 silly audit   cookie: [ '0.4.0' ],
51 silly audit   'cookie-signature': [ '1.0.6' ],
51 silly audit   'core-util-is': [ '1.0.2' ],
51 silly audit   cors: [ '2.8.5' ],
51 silly audit   debug: [ '2.6.9', '3.1.0' ],
51 silly audit   denque: [ '1.5.0' ],
51 silly audit   depd: [ '1.1.2' ],
51 silly audit   destroy: [ '1.0.4' ],
51 silly audit   'ee-first': [ '1.1.1' ],
51 silly audit   encodeurl: [ '1.0.2' ],
51 silly audit   'escape-html': [ '1.0.3' ],
51 silly audit   etag: [ '1.8.1' ],
51 silly audit   express: [ '4.17.1' ],
51 silly audit   finalhandler: [ '1.1.2' ],
51 silly audit   forwarded: [ '0.2.0' ],
51 silly audit   fresh: [ '0.5.2' ],
51 silly audit   'http-errors': [ '1.7.2' ],
51 silly audit   'iconv-lite': [ '0.4.24' ],
51 silly audit   inherits: [ '2.0.3' ],
51 silly audit   'ipaddr.js': [ '1.9.1' ],
51 silly audit   isarray: [ '1.0.0' ],
51 silly audit   kareem: [ '2.3.2' ],
51 silly audit   'media-typer': [ '0.3.0' ],
51 silly audit   'memory-pager': [ '1.5.0' ],
51 silly audit   'merge-descriptors': [ '1.0.1' ],
51 silly audit   methods: [ '1.1.2' ],
51 silly audit   mime: [ '1.6.0' ],
51 silly audit   'mime-db': [ '1.48.0' ],
51 silly audit   'mime-types': [ '2.1.31' ],
51 silly audit   mongodb: [ '3.6.8' ],
51 silly audit   mongoose: [ '5.12.14' ],
51 silly audit   'mongoose-legacy-pluralize': [ '1.0.2' ],
51 silly audit   ms: [ '2.1.2', '2.0.0', '2.1.1' ],
51 silly audit   'safe-buffer': [ '5.2.1', '5.1.2' ],
51 silly audit   mpath: [ '0.8.3' ],
51 silly audit   mquery: [ '3.2.5' ],
51 silly audit   negotiator: [ '0.6.2' ],
51 silly audit   'object-assign': [ '4.1.1' ],
51 silly audit   'on-finished': [ '2.3.0' ],
51 silly audit   'optional-require': [ '1.0.3' ],
51 silly audit   parseurl: [ '1.3.3' ],
51 silly audit   'path-to-regexp': [ '0.1.7' ],
51 silly audit   'process-nextick-args': [ '2.0.1' ],
51 silly audit   'proxy-addr': [ '2.0.7' ],
51 silly audit   qs: [ '6.7.0' ],
51 silly audit   'range-parser': [ '1.2.1' ],
51 silly audit   'raw-body': [ '2.4.0' ],
51 silly audit   'readable-stream': [ '2.3.7' ],
51 silly audit   'regexp-clone': [ '1.0.0' ],
51 silly audit   'safer-buffer': [ '2.1.2' ],
51 silly audit   saslprep: [ '1.0.3' ],
51 silly audit   send: [ '0.17.1' ],
51 silly audit   'serve-static': [ '1.14.1' ],
51 silly audit   setprototypeof: [ '1.1.1' ],
51 silly audit   sift: [ '13.5.2' ],
51 silly audit   sliced: [ '1.0.1' ],
51 silly audit   'sparse-bitfield': [ '3.0.3' ],
51 silly audit   statuses: [ '1.5.0' ],
51 silly audit   string_decoder: [ '1.1.1' ],
51 silly audit   toidentifier: [ '1.0.0' ],
51 silly audit   'type-is': [ '1.6.18' ],
51 silly audit   unpipe: [ '1.0.0' ],
51 silly audit   'util-deprecate': [ '1.0.2' ],
51 silly audit   'utils-merge': [ '1.0.1' ],
51 silly audit   vary: [ '1.1.2' ],
51 silly audit   dotenv: [ '17.3.1' ]
51 silly audit }
52 silly tarball no local data for cookie-signature@https://registry.npmjs.org/cookie-signature/-/cookie-signature-1.0.6.tgz. Extracting by manifest.
53 silly tarball no local data for cookie@https://registry.npmjs.org/cookie/-/cookie-0.4.0.tgz. Extracting by manifest.
54 silly tarball no local data for content-type@https://registry.npmjs.org/content-type/-/content-type-1.0.4.tgz. Extracting by manifest.
55 silly tarball no local data for content-disposition@https://registry.npmjs.org/content-disposition/-/content-disposition-0.5.3.tgz. Extracting by manifest.
56 silly tarball no local data for bytes@https://registry.npmjs.org/bytes/-/bytes-3.1.0.tgz. Extracting by manifest.
57 silly tarball no local data for bson@https://registry.npmjs.org/bson/-/bson-1.1.6.tgz. Extracting by manifest.
58 silly tarball no local data for dotenv@https://registry.npmjs.org/dotenv/-/dotenv-17.3.1.tgz. Extracting by manifest.
59 silly tarball no local data for vary@https://registry.npmjs.org/vary/-/vary-1.1.2.tgz. Extracting by manifest.
60 silly tarball no local data for utils-merge@https://registry.npmjs.org/utils-merge/-/utils-merge-1.0.1.tgz. Extracting by manifest.
61 silly tarball no local data for util-deprecate@https://registry.npmjs.org/util-deprecate/-/util-deprecate-1.0.2.tgz. Extracting by manifest.
62 silly tarball no local data for unpipe@https://registry.npmjs.org/unpipe/-/unpipe-1.0.0.tgz. Extracting by manifest.
63 silly tarball no local data for type-is@https://registry.npmjs.org/type-is/-/type-is-1.6.18.tgz. Extracting by manifest.
64 silly tarball no local data for toidentifier@https://registry.npmjs.org/toidentifier/-/toidentifier-1.0.0.tgz. Extracting by manifest.
65 silly tarball no local data for string_decoder@https://registry.npmjs.org/string_decoder/-/string_decoder-1.1.1.tgz. Extracting by manifest.
66 silly tarball no local data for statuses@https://registry.npmjs.org/statuses/-/statuses-1.5.0.tgz. Extracting by manifest.
67 silly tarball no local data for sparse-bitfield@https://registry.npmjs.org/sparse-bitfield/-/sparse-bitfield-3.0.3.tgz. Extracting by manifest.
68 silly tarball no local data for sliced@https://registry.npmjs.org/sliced/-/sliced-1.0.1.tgz. Extracting by manifest.
69 silly tarball no local data for sift@https://registry.npmjs.org/sift/-/sift-13.5.2.tgz. Extracting by manifest.
70 silly tarball no local data for setprototypeof@https://registry.npmjs.org/setprototypeof/-/setprototypeof-1.1.1.tgz. Extracting by manifest.
71 silly tarball no local data for serve-static@https://registry.npmjs.org/serve-static/-/serve-static-1.14.1.tgz. Extracting by manifest.
72 silly tarball no local data for send@https://registry.npmjs.org/send/-/send-0.17.1.tgz. Extracting by manifest.
73 silly tarball no local data for saslprep@https://registry.npmjs.org/saslprep/-/saslprep-1.0.3.tgz. Extracting by manifest.
74 silly tarball no local data for safer-buffer@https://registry.npmjs.org/safer-buffer/-/safer-buffer-2.1.2.tgz. Extracting by manifest.
75 silly tarball no local data for safe-buffer@https://registry.npmjs.org/safe-buffer/-/safe-buffer-5.1.2.tgz. Extracting by manifest.
76 silly tarball no local data for regexp-clone@https://registry.npmjs.org/regexp-clone/-/regexp-clone-1.0.0.tgz. Extracting by manifest.
77 silly tarball no local data for readable-stream@https://registry.npmjs.org/readable-stream/-/readable-stream-2.3.7.tgz. Extracting by manifest.
78 silly tarball no local data for raw-body@https://registry.npmjs.org/raw-body/-/raw-body-2.4.0.tgz. Extracting by manifest.
79 silly tarball no local data for range-parser@https://registry.npmjs.org/range-parser/-/range-parser-1.2.1.tgz. Extracting by manifest.
80 silly tarball no local data for qs@https://registry.npmjs.org/qs/-/qs-6.7.0.tgz. Extracting by manifest.
81 silly tarball no local data for proxy-addr@https://registry.npmjs.org/proxy-addr/-/proxy-addr-2.0.7.tgz. Extracting by manifest.
82 silly tarball no local data for process-nextick-args@https://registry.npmjs.org/process-nextick-args/-/process-nextick-args-2.0.1.tgz. Extracting by manifest.
83 silly tarball no local data for path-to-regexp@https://registry.npmjs.org/path-to-regexp/-/path-to-regexp-0.1.7.tgz. Extracting by manifest.
84 silly tarball no local data for parseurl@https://registry.npmjs.org/parseurl/-/parseurl-1.3.3.tgz. Extracting by manifest.
85 silly tarball no local data for optional-require@https://registry.npmjs.org/optional-require/-/optional-require-1.0.3.tgz. Extracting by manifest.
86 silly tarball no local data for on-finished@https://registry.npmjs.org/on-finished/-/on-finished-2.3.0.tgz. Extracting by manifest.
87 silly tarball no local data for object-assign@https://registry.npmjs.org/object-assign/-/object-assign-4.1.1.tgz. Extracting by manifest.
88 silly tarball no local data for negotiator@https://registry.npmjs.org/negotiator/-/negotiator-0.6.2.tgz. Extracting by manifest.
89 silly tarball no local data for ms@https://registry.npmjs.org/ms/-/ms-2.0.0.tgz. Extracting by manifest.
90 silly tarball no local data for mquery@https://registry.npmjs.org/mquery/-/mquery-3.2.5.tgz. Extracting by manifest.
91 silly tarball no local data for mpath@https://registry.npmjs.org/mpath/-/mpath-0.8.3.tgz. Extracting by manifest.
92 silly tarball no local data for mongoose-legacy-pluralize@https://registry.npmjs.org/mongoose-legacy-pluralize/-/mongoose-legacy-pluralize-1.0.2.tgz. Extracting by manifest.
93 silly tarball no local data for mongoose@https://registry.npmjs.org/mongoose/-/mongoose-5.12.14.tgz. Extracting by manifest.
94 silly tarball no local data for mongodb@https://registry.npmjs.org/mongodb/-/mongodb-3.6.8.tgz. Extracting by manifest.
95 silly tarball no local data for mime-types@https://registry.npmjs.org/mime-types/-/mime-types-2.1.31.tgz. Extracting by manifest.
96 silly tarball no local data for mime-db@https://registry.npmjs.org/mime-db/-/mime-db-1.48.0.tgz. Extracting by manifest.
97 silly tarball no local data for mime@https://registry.npmjs.org/mime/-/mime-1.6.0.tgz. Extracting by manifest.
98 silly tarball no local data for methods@https://registry.npmjs.org/methods/-/methods-1.1.2.tgz. Extracting by manifest.
99 silly tarball no local data for merge-descriptors@https://registry.npmjs.org/merge-descriptors/-/merge-descriptors-1.0.1.tgz. Extracting by manifest.
100 silly tarball no local data for memory-pager@https://registry.npmjs.org/memory-pager/-/memory-pager-1.5.0.tgz. Extracting by manifest.
101 silly tarball no local data for media-typer@https://registry.npmjs.org/media-typer/-/media-typer-0.3.0.tgz. Extracting by manifest.
102 silly tarball no local data for kareem@https://registry.npmjs.org/kareem/-/kareem-2.3.2.tgz. Extracting by manifest.
103 silly tarball no local data for isarray@https://registry.npmjs.org/isarray/-/isarray-1.0.0.tgz. Extracting by manifest.
104 silly tarball no local data for ipaddr.js@https://registry.npmjs.org/ipaddr.js/-/ipaddr.js-1.9.1.tgz. Extracting by manifest.
105 silly tarball no local data for inherits@https://registry.npmjs.org/inherits/-/inherits-2.0.3.tgz. Extracting by manifest.
106 silly tarball no local data for iconv-lite@https://registry.npmjs.org/iconv-lite/-/iconv-lite-0.4.24.tgz. Extracting by manifest.
107 silly tarball no local data for http-errors@https://registry.npmjs.org/http-errors/-/http-errors-1.7.2.tgz. Extracting by manifest.
108 silly tarball no local data for fresh@https://registry.npmjs.org/fresh/-/fresh-0.5.2.tgz. Extracting by manifest.
109 silly tarball no local data for forwarded@https://registry.npmjs.org/forwarded/-/forwarded-0.2.0.tgz. Extracting by manifest.
110 silly tarball no local data for finalhandler@https://registry.npmjs.org/finalhandler/-/finalhandler-1.1.2.tgz. Extracting by manifest.
111 silly tarball no local data for express@https://registry.npmjs.org/express/-/express-4.17.1.tgz. Extracting by manifest.
112 silly tarball no local data for etag@https://registry.npmjs.org/etag/-/etag-1.8.1.tgz. Extracting by manifest.
113 silly tarball no local data for escape-html@https://registry.npmjs.org/escape-html/-/escape-html-1.0.3.tgz. Extracting by manifest.
114 silly tarball no local data for encodeurl@https://registry.npmjs.org/encodeurl/-/encodeurl-1.0.2.tgz. Extracting by manifest.
115 silly tarball no local data for ee-first@https://registry.npmjs.org/ee-first/-/ee-first-1.1.1.tgz. Extracting by manifest.
116 silly tarball no local data for destroy@https://registry.npmjs.org/destroy/-/destroy-1.0.4.tgz. Extracting by manifest.
117 silly tarball no local data for depd@https://registry.npmjs.org/depd/-/depd-1.1.2.tgz. Extracting by manifest.
118 silly tarball no local data for denque@https://registry.npmjs.org/denque/-/denque-1.5.0.tgz. Extracting by manifest.
119 silly tarball no local data for debug@https://registry.npmjs.org/debug/-/debug-2.6.9.tgz. Extracting by manifest.
120 silly tarball no local data for core-util-is@https://registry.npmjs.org/core-util-is/-/core-util-is-1.0.2.tgz. Extracting by manifest.
121 silly tarball no local data for body-parser@https://registry.npmjs.org/body-parser/-/body-parser-1.19.0.tgz. Extracting by manifest.
122 silly tarball no local data for bluebird@https://registry.npmjs.org/bluebird/-/bluebird-3.5.1.tgz. Extracting by manifest.
123 silly tarball no local data for bl@https://registry.npmjs.org/bl/-/bl-2.2.1.tgz. Extracting by manifest.
124 silly tarball no local data for array-flatten@https://registry.npmjs.org/array-flatten/-/array-flatten-1.1.1.tgz. Extracting by manifest.
125 silly tarball no local data for accepts@https://registry.npmjs.org/accepts/-/accepts-1.3.7.tgz. Extracting by manifest.
126 silly tarball no local data for @types/node@https://registry.npmjs.org/@types/node/-/node-15.12.2.tgz. Extracting by manifest.
127 silly tarball no local data for @types/mongodb@https://registry.npmjs.org/@types/mongodb/-/mongodb-3.6.18.tgz. Extracting by manifest.
128 silly tarball no local data for @types/bson@https://registry.npmjs.org/@types/bson/-/bson-4.0.3.tgz. Extracting by manifest.
129 silly tarball no local data for cors@https://registry.npmjs.org/cors/-/cors-2.8.5.tgz. Extracting by manifest.
130 silly tarball no local data for ms@https://registry.npmjs.org/ms/-/ms-2.1.1.tgz. Extracting by manifest.
131 silly tarball no local data for debug@https://registry.npmjs.org/debug/-/debug-3.1.0.tgz. Extracting by manifest.
132 silly tarball no local data for safe-buffer@https://registry.npmjs.org/safe-buffer/-/safe-buffer-5.2.1.tgz. Extracting by manifest.
133 silly tarball no local data for ms@https://registry.npmjs.org/ms/-/ms-2.1.2.tgz. Extracting by manifest.
134 http fetch POST 200 https://registry.npmjs.org/-/npm/v1/security/advisories/bulk 289ms
135 timing auditReport:getReport Completed in 297ms
136 silly audit report {
136 silly audit report   'body-parser': [
136 silly audit report     {
136 silly audit report       id: 1099520,
136 silly audit report       url: 'https://github.com/advisories/GHSA-qwcr-r2fm-qrc7',
136 silly audit report       title: 'body-parser vulnerable to denial of service when url encoding is enabled',
136 silly audit report       severity: 'high',
136 silly audit report       vulnerable_versions: '<1.20.3',
136 silly audit report       cwe: [Array],
136 silly audit report       cvss: [Object]
136 silly audit report     }
136 silly audit report   ],
136 silly audit report   cookie: [
136 silly audit report     {
136 silly audit report       id: 1103907,
136 silly audit report       url: 'https://github.com/advisories/GHSA-pxg6-pf52-xh8x',
136 silly audit report       title: 'cookie accepts cookie name, path, and domain with out of bounds characters',
136 silly audit report       severity: 'low',
136 silly audit report       vulnerable_versions: '<0.7.0',
136 silly audit report       cwe: [Array],
136 silly audit report       cvss: [Object]
136 silly audit report     }
136 silly audit report   ],
136 silly audit report   express: [
136 silly audit report     {
136 silly audit report       id: 1100530,
136 silly audit report       url: 'https://github.com/advisories/GHSA-qw6h-vgh9-j6wx',
136 silly audit report       title: 'express vulnerable to XSS via response.redirect()',
136 silly audit report       severity: 'low',
136 silly audit report       vulnerable_versions: '<4.20.0',
136 silly audit report       cwe: [Array],
136 silly audit report       cvss: [Object]
136 silly audit report     },
136 silly audit report     {
136 silly audit report       id: 1111636,
136 silly audit report       url: 'https://github.com/advisories/GHSA-rv95-896h-c2vc',
136 silly audit report       title: 'Express.js Open Redirect in malformed URLs',
136 silly audit report       severity: 'moderate',
136 silly audit report       vulnerable_versions: '<4.19.2',
136 silly audit report       cwe: [Array],
136 silly audit report       cvss: [Object]
136 silly audit report     }
136 silly audit report   ],
136 silly audit report   mongodb: [
136 silly audit report     {
136 silly audit report       id: 1109549,
136 silly audit report       url: 'https://github.com/advisories/GHSA-vxvm-qww3-2fh7',
136 silly audit report       title: 'MongoDB Driver may publish events containing authentication-related data',
136 silly audit report       severity: 'moderate',
136 silly audit report       vulnerable_versions: '>=3.6.0 <3.6.10',
136 silly audit report       cwe: [Array],
136 silly audit report       cvss: [Object]
136 silly audit report     }
136 silly audit report   ],
136 silly audit report   mongoose: [
136 silly audit report     {
136 silly audit report       id: 1101838,
136 silly audit report       url: 'https://github.com/advisories/GHSA-vg7j-7cwx-8wgw',
136 silly audit report       title: 'Mongoose search injection vulnerability',
136 silly audit report       severity: 'critical',
136 silly audit report       vulnerable_versions: '<6.13.6',
136 silly audit report       cwe: [Array],
136 silly audit report       cvss: [Object]
136 silly audit report     },
136 silly audit report     {
136 silly audit report       id: 1112939,
136 silly audit report       url: 'https://github.com/advisories/GHSA-m7xq-9374-9rvx',
136 silly audit report       title: 'Mongoose search injection vulnerability',
136 silly audit report       severity: 'high',
136 silly audit report       vulnerable_versions: '>=3.6.0-rc0 <5.13.23',
136 silly audit report       cwe: [Array],
136 silly audit report       cvss: [Object]
136 silly audit report     },
136 silly audit report     {
136 silly audit report       id: 1095078,
136 silly audit report       url: 'https://github.com/advisories/GHSA-f825-f98c-gj3g',
136 silly audit report       title: 'automattic/mongoose vulnerable to Prototype pollution via Schema.path',
136 silly audit report       severity: 'high',
136 silly audit report       vulnerable_versions: '<5.13.15',
136 silly audit report       cwe: [Array],
136 silly audit report       cvss: [Object]
136 silly audit report     },
136 silly audit report     {
136 silly audit report       id: 1095080,
136 silly audit report       url: 'https://github.com/advisories/GHSA-9m93-w8w6-76hh',
136 silly audit report       title: 'Mongoose Prototype Pollution vulnerability',
136 silly audit report       severity: 'critical',
136 silly audit report       vulnerable_versions: '<5.13.20',
136 silly audit report       cwe: [Array],
136 silly audit report       cvss: [Object]
136 silly audit report     },
136 silly audit report     {
136 silly audit report       id: 1097158,
136 silly audit report       url: 'https://github.com/advisories/GHSA-h8hf-x3f4-xwgp',
136 silly audit report       title: 'Mongoose Vulnerable to Prototype Pollution in Schema Object',
136 silly audit report       severity: 'critical',
136 silly audit report       vulnerable_versions: '<5.13.15',
136 silly audit report       cwe: [Array],
136 silly audit report       cvss: [Object]
136 silly audit report     }
136 silly audit report   ],
136 silly audit report   mpath: [
136 silly audit report     {
136 silly audit report       id: 1095075,
136 silly audit report       url: 'https://github.com/advisories/GHSA-p92x-r36w-9395',
136 silly audit report       title: 'Type confusion in mpath',
136 silly audit report       severity: 'moderate',
136 silly audit report       vulnerable_versions: '<0.8.4',
136 silly audit report       cwe: [Array],
136 silly audit report       cvss: [Object]
136 silly audit report     }
136 silly audit report   ],
136 silly audit report   'path-to-regexp': [
136 silly audit report     {
136 silly audit report       id: 1101850,
136 silly audit report       url: 'https://github.com/advisories/GHSA-9wv6-86v2-598j',
136 silly audit report       title: 'path-to-regexp outputs backtracking regular expressions',
136 silly audit report       severity: 'high',
136 silly audit report       vulnerable_versions: '<0.1.10',
136 silly audit report       cwe: [Array],
136 silly audit report       cvss: [Object]
136 silly audit report     },
136 silly audit report     {
136 silly audit report       id: 1105199,
136 silly audit report       url: 'https://github.com/advisories/GHSA-rhx6-c78j-4q9w',
136 silly audit report       title: 'path-to-regexp contains a ReDoS',
136 silly audit report       severity: 'high',
136 silly audit report       vulnerable_versions: '<0.1.12',
136 silly audit report       cwe: [Array],
136 silly audit report       cvss: [Object]
136 silly audit report     }
136 silly audit report   ],
136 silly audit report   qs: [
136 silly audit report     {
136 silly audit report       id: 1104120,
136 silly audit report       url: 'https://github.com/advisories/GHSA-hrpp-h998-j3pp',
136 silly audit report       title: 'qs vulnerable to Prototype Pollution',
136 silly audit report       severity: 'high',
136 silly audit report       vulnerable_versions: '>=6.7.0 <6.7.3',
136 silly audit report       cwe: [Array],
136 silly audit report       cvss: [Object]
136 silly audit report     },
136 silly audit report     {
136 silly audit report       id: 1113161,
136 silly audit report       url: 'https://github.com/advisories/GHSA-w7fw-mjwx-w883',
136 silly audit report       title: "qs's arrayLimit bypass in comma parsing allows denial of service",
136 silly audit report       severity: 'low',
136 silly audit report       vulnerable_versions: '>=6.7.0 <=6.14.1',
136 silly audit report       cwe: [Array],
136 silly audit report       cvss: [Object]
136 silly audit report     },
136 silly audit report     {
136 silly audit report       id: 1113719,
136 silly audit report       url: 'https://github.com/advisories/GHSA-6rw7-vpxm-498p',
136 silly audit report       title: "qs's arrayLimit bypass in its bracket notation allows DoS via memory exhaustion",
136 silly audit report       severity: 'moderate',
136 silly audit report       vulnerable_versions: '<6.14.1',
136 silly audit report       cwe: [Array],
136 silly audit report       cvss: [Object]
136 silly audit report     }
136 silly audit report   ],
136 silly audit report   send: [
136 silly audit report     {
136 silly audit report       id: 1109556,
136 silly audit report       url: 'https://github.com/advisories/GHSA-m6fv-jmcg-4jfg',
136 silly audit report       title: 'send vulnerable to template injection that can lead to XSS',
136 silly audit report       severity: 'low',
136 silly audit report       vulnerable_versions: '<0.19.0',
136 silly audit report       cwe: [Array],
136 silly audit report       cvss: [Object]
136 silly audit report     }
136 silly audit report   ],
136 silly audit report   'serve-static': [
136 silly audit report     {
136 silly audit report       id: 1100528,
136 silly audit report       url: 'https://github.com/advisories/GHSA-cm22-4g7w-348p',
136 silly audit report       title: 'serve-static vulnerable to template injection that can lead to XSS',
136 silly audit report       severity: 'low',
136 silly audit report       vulnerable_versions: '<1.16.0',
136 silly audit report       cwe: [Array],
136 silly audit report       cvss: [Object]
136 silly audit report     }
136 silly audit report   ]
136 silly audit report }
137 timing metavuln:cache:get:security-advisory:body-parser:uoEU0GS6gk35ZdcQ5nagZYzZcDz5Th0PEvPIVa8rzwbO20pRdxYbAhpIm6Wc5MALXoWb1C4X8WqCtH02U0Wo1A== Completed in 12ms
138 timing metavuln:cache:get:security-advisory:cookie:EFt7h/FZLeopARa06+F2CBY5ItUm007mP/cHgZjTJZX1MeIwg3JD7toSioRoDeE8wm5VdkimqlS+CnuPhZqbIg== Completed in 12ms
139 timing metavuln:cache:get:security-advisory:express:Y6ACp2DmYM+0HQ/I8CvEhLQJwNp8DOoQ76C8ObH06Y0qG40PIuVRmOi3OWzwUOTASTLCIWqeicWSO/acR3aaGQ== Completed in 10ms
140 timing metavuln:cache:get:security-advisory:express:i1lv/mW3LDhCPxcU8tmYv85dckQQGUSeQtASYLVoMkQNcpH1gG93hQzZIslm4Zlt3AYRSx4rg+plteAtIC0Z1w== Completed in 9ms
141 timing metavuln:cache:get:security-advisory:mongodb:1aSEdoKLrH3P2omEqyou1fyIDO1bEgyy3T9TzyTVcMWxNOFSvHPvrlIHESLQT65/YTZBwmIMu55DgdHI/7Fm0w== Completed in 9ms
142 timing metavuln:cache:get:security-advisory:mongoose:PY9L+hJXQ8znLcKaVK1pnartJ8q2TQA4MUbuqZxIT/7N4MExb62HGgLbwHsBM+GfkQPHiT+40S3VZuOLUiOJEw== Completed in 9ms
143 timing metavuln:cache:get:security-advisory:mongoose:vl/fNwF3FHHmAxIGLqSDAw2SQgTek6lcls6yP0eQZl2X7DTrOqBEyrbDbugi15Oh3cxmp3EPBYJrBwFkUXDWbw== Completed in 9ms
144 timing metavuln:cache:get:security-advisory:mongoose:gEMa/beLqXAevsjDYLBifm3UQfQ/2Sjj4PS9KFwI4soSeTSkUvVMzJyNbngQsfOioIqZ1A2Ljmp2MNCw6+M3+w== Completed in 9ms
145 timing metavuln:cache:get:security-advisory:mongoose:enKLCCK/O26qzprOVU+HegHWB7jgsM6m1TcLA+kn2Q3BLSjIu14Z0L0cZ+ol0T5TlCavytYmJRZWIM+P3K/V2A== Completed in 9ms
146 timing metavuln:cache:get:security-advisory:mongoose:8uAm/771SVfbk3D1xYq+K0aPZ79s8xQ4upd0Hh1VXh3GWVGmse0fJ8P8KOnUkacGKqA/WDeG/MpTHHeOXqXxpA== Completed in 9ms
147 timing metavuln:cache:get:security-advisory:mpath:4DOhntQEr6bpvBBnPU1zaN8uqPOu3g/wGUDv86mzzcjct1Pxrp0hqii+GlOMhzLbetfkrPkQkF7ZqpLKX2MQ/w== Completed in 9ms
148 timing metavuln:cache:get:security-advisory:path-to-regexp:1zdQfT/2s1/9HPIPcJl7TnWCFxsytt3sSe7T+xPf8FNpp2H4co4yvyKagGg4lKEjTVlcftvXdieAZPONp1djoQ== Completed in 8ms
149 timing metavuln:cache:get:security-advisory:path-to-regexp:0sP5sOjSm2jEVzBjQIX2s9I2rZ6lj48WyfSR+oVtUzndwLs0Cww28/j1R5EWf/fv+a3hc7KtVDL8gxcHV6kAiQ== Completed in 8ms
150 timing metavuln:cache:get:security-advisory:qs:WE8tzXn18LVRro5fVjxzBTi6iaYM5l+bM5jzdkZzVqz4wN5/9t311fip0u6UsClRanYEMF06xHD0kg8wLvTjDg== Completed in 8ms
151 timing metavuln:cache:get:security-advisory:qs:vVSN+MRVpdux32gCUfPGidHUGmS/0G5Ziwtmb1YXw3NARw1r47LtySeR7yFf/LZ4sKzi41443WWDDZzPHuCh9g== Completed in 6ms
152 timing metavuln:cache:get:security-advisory:qs:iChjlXxtVMTpyXsUse674XoeCayLW4gF6rE7sQcXvHRFegwpM44fUr9Eqlmsmu+S9udu9w9eZmpzcAcyiUJMIQ== Completed in 6ms
153 timing metavuln:cache:get:security-advisory:send:8NP35PpfDEVbqnzPdc9zuVQOxwpjeCWA/vn7Q9SplgLVmZPjGaDssuEM0QllxNS2U4IM79h+Qp8GEO0schn/xw== Completed in 6ms
154 timing metavuln:cache:get:security-advisory:serve-static:VyBBWzRCPk4QPwU71mkZJ+QZdwW0bnbx/lUJDdvhij3t67jGrB4z2A5Ryyta1VjZgpmZ9kuyannc46B7jSSuiQ== Completed in 5ms
155 http fetch GET 200 https://registry.npmjs.org/unpipe/-/unpipe-1.0.0.tgz 873ms (cache miss)
156 timing reifyNode:node_modules/unpipe Completed in 936ms
157 http fetch GET 200 https://registry.npmjs.org/sparse-bitfield/-/sparse-bitfield-3.0.3.tgz 871ms (cache miss)
158 timing reifyNode:node_modules/sparse-bitfield Completed in 936ms
159 http fetch GET 200 https://registry.npmjs.org/raw-body/-/raw-body-2.4.0.tgz 849ms (cache miss)
160 timing reifyNode:node_modules/raw-body Completed in 940ms
161 http fetch GET 200 https://registry.npmjs.org/statuses/-/statuses-1.5.0.tgz 880ms (cache miss)
162 timing reifyNode:node_modules/statuses Completed in 946ms
163 http fetch GET 200 https://registry.npmjs.org/content-type/-/content-type-1.0.4.tgz 901ms (cache miss)
164 timing reifyNode:node_modules/content-type Completed in 945ms
165 http fetch GET 200 https://registry.npmjs.org/util-deprecate/-/util-deprecate-1.0.2.tgz 888ms (cache miss)
166 timing reifyNode:node_modules/util-deprecate Completed in 949ms
167 http fetch GET 200 https://registry.npmjs.org/utils-merge/-/utils-merge-1.0.1.tgz 891ms (cache miss)
168 timing reifyNode:node_modules/utils-merge Completed in 952ms
169 http fetch GET 200 https://registry.npmjs.org/setprototypeof/-/setprototypeof-1.1.1.tgz 884ms (cache miss)
170 timing reifyNode:node_modules/setprototypeof Completed in 952ms
171 http fetch GET 200 https://registry.npmjs.org/cookie-signature/-/cookie-signature-1.0.6.tgz 918ms (cache miss)
172 timing reifyNode:node_modules/cookie-signature Completed in 960ms
173 http fetch GET 200 https://registry.npmjs.org/string_decoder/-/string_decoder-1.1.1.tgz 898ms (cache miss)
174 timing reifyNode:node_modules/string_decoder Completed in 964ms
175 http fetch GET 200 https://registry.npmjs.org/vary/-/vary-1.1.2.tgz 906ms (cache miss)
176 timing reifyNode:node_modules/vary Completed in 965ms
177 http fetch GET 200 https://registry.npmjs.org/toidentifier/-/toidentifier-1.0.0.tgz 903ms (cache miss)
178 timing reifyNode:node_modules/toidentifier Completed in 967ms
179 http fetch GET 200 https://registry.npmjs.org/sliced/-/sliced-1.0.1.tgz 900ms (cache miss)
180 timing reifyNode:node_modules/sliced Completed in 967ms
181 http fetch GET 200 https://registry.npmjs.org/content-disposition/-/content-disposition-0.5.3.tgz 927ms (cache miss)
182 timing reifyNode:node_modules/content-disposition Completed in 972ms
183 http fetch GET 200 https://registry.npmjs.org/cookie/-/cookie-0.4.0.tgz 930ms (cache miss)
184 timing reifyNode:node_modules/cookie Completed in 973ms
185 http fetch GET 200 https://registry.npmjs.org/type-is/-/type-is-1.6.18.tgz 914ms (cache miss)
186 timing reifyNode:node_modules/type-is Completed in 977ms
187 http fetch GET 200 https://registry.npmjs.org/parseurl/-/parseurl-1.3.3.tgz 885ms (cache miss)
188 timing reifyNode:node_modules/parseurl Completed in 983ms
189 http fetch GET 200 https://registry.npmjs.org/process-nextick-args/-/process-nextick-args-2.0.1.tgz 888ms (cache miss)
190 timing reifyNode:node_modules/process-nextick-args Completed in 984ms
191 http fetch GET 200 https://registry.npmjs.org/optional-require/-/optional-require-1.0.3.tgz 884ms (cache miss)
192 timing reifyNode:node_modules/optional-require Completed in 984ms
193 http fetch GET 200 https://registry.npmjs.org/bytes/-/bytes-3.1.0.tgz 942ms (cache miss)
194 timing reifyNode:node_modules/bytes Completed in 990ms
195 http fetch GET 200 https://registry.npmjs.org/regexp-clone/-/regexp-clone-1.0.0.tgz 920ms (cache miss)
196 timing reifyNode:node_modules/regexp-clone Completed in 1004ms
197 http fetch GET 200 https://registry.npmjs.org/object-assign/-/object-assign-4.1.1.tgz 902ms (cache miss)
198 timing reifyNode:node_modules/object-assign Completed in 1005ms
199 http fetch GET 200 https://registry.npmjs.org/path-to-regexp/-/path-to-regexp-0.1.7.tgz 908ms (cache miss)
200 timing reifyNode:node_modules/path-to-regexp Completed in 1005ms
201 http fetch GET 200 https://registry.npmjs.org/media-typer/-/media-typer-0.3.0.tgz 876ms (cache miss)
202 timing reifyNode:node_modules/media-typer Completed in 1006ms
203 http fetch GET 200 https://registry.npmjs.org/memory-pager/-/memory-pager-1.5.0.tgz 878ms (cache miss)
204 timing reifyNode:node_modules/memory-pager Completed in 1008ms
205 http fetch GET 200 https://registry.npmjs.org/range-parser/-/range-parser-1.2.1.tgz 920ms (cache miss)
206 timing reifyNode:node_modules/range-parser Completed in 1012ms
207 http fetch GET 200 https://registry.npmjs.org/ms/-/ms-2.0.0.tgz 907ms (cache miss)
208 timing reifyNode:node_modules/ms Completed in 1013ms
209 http fetch GET 200 https://registry.npmjs.org/isarray/-/isarray-1.0.0.tgz 880ms (cache miss)
210 timing reifyNode:node_modules/isarray Completed in 1015ms
211 http fetch GET 200 https://registry.npmjs.org/inherits/-/inherits-2.0.3.tgz 879ms (cache miss)
212 timing reifyNode:node_modules/inherits Completed in 1017ms
213 http fetch GET 200 https://registry.npmjs.org/ee-first/-/ee-first-1.1.1.tgz 836ms (cache miss)
214 timing reifyNode:node_modules/ee-first Completed in 1020ms
215 http fetch GET 200 https://registry.npmjs.org/ipaddr.js/-/ipaddr.js-1.9.1.tgz 885ms (cache miss)
216 http fetch GET 200 https://registry.npmjs.org/core-util-is/-/core-util-is-1.0.2.tgz 831ms (cache miss)
217 timing reifyNode:node_modules/core-util-is Completed in 1022ms
218 http fetch GET 200 https://registry.npmjs.org/proxy-addr/-/proxy-addr-2.0.7.tgz 929ms (cache miss)
219 timing reifyNode:node_modules/proxy-addr Completed in 1024ms
220 http fetch GET 200 https://registry.npmjs.org/mongoose-legacy-pluralize/-/mongoose-legacy-pluralize-1.0.2.tgz 914ms (cache miss)
221 timing reifyNode:node_modules/mongoose-legacy-pluralize Completed in 1024ms
222 http fetch GET 200 https://registry.npmjs.org/http-errors/-/http-errors-1.7.2.tgz 885ms (cache miss)
223 timing reifyNode:node_modules/http-errors Completed in 1025ms
224 http fetch GET 200 https://registry.npmjs.org/fresh/-/fresh-0.5.2.tgz 883ms (cache miss)
225 timing reifyNode:node_modules/fresh Completed in 1025ms
226 http fetch GET 200 https://registry.npmjs.org/finalhandler/-/finalhandler-1.1.2.tgz 880ms (cache miss)
227 timing reifyNode:node_modules/finalhandler Completed in 1025ms
228 http fetch GET 200 https://registry.npmjs.org/escape-html/-/escape-html-1.0.3.tgz 857ms (cache miss)
229 timing reifyNode:node_modules/escape-html Completed in 1025ms
230 timing reifyNode:node_modules/ipaddr.js Completed in 1027ms
231 http fetch GET 200 https://registry.npmjs.org/merge-descriptors/-/merge-descriptors-1.0.1.tgz 899ms (cache miss)
232 timing reifyNode:node_modules/merge-descriptors Completed in 1027ms
233 http fetch GET 200 https://registry.npmjs.org/methods/-/methods-1.1.2.tgz 904ms (cache miss)
234 timing reifyNode:node_modules/methods Completed in 1029ms
235 http fetch GET 200 https://registry.npmjs.org/array-flatten/-/array-flatten-1.1.1.tgz 820ms (cache miss)
236 timing reifyNode:node_modules/array-flatten Completed in 1029ms
237 http fetch GET 200 https://registry.npmjs.org/serve-static/-/serve-static-1.14.1.tgz 960ms (cache miss)
238 timing reifyNode:node_modules/serve-static Completed in 1031ms
239 http fetch GET 200 https://registry.npmjs.org/etag/-/etag-1.8.1.tgz 870ms (cache miss)
240 timing reifyNode:node_modules/etag Completed in 1032ms
241 http fetch GET 200 https://registry.npmjs.org/destroy/-/destroy-1.0.4.tgz 846ms (cache miss)
242 timing reifyNode:node_modules/destroy Completed in 1032ms
243 http fetch GET 200 https://registry.npmjs.org/negotiator/-/negotiator-0.6.2.tgz 930ms (cache miss)
244 http fetch GET 200 https://registry.npmjs.org/forwarded/-/forwarded-0.2.0.tgz 897ms (cache miss)
245 timing reifyNode:node_modules/forwarded Completed in 1040ms
246 http fetch GET 200 https://registry.npmjs.org/ms/-/ms-2.1.1.tgz 776ms (cache miss)
247 timing reifyNode:node_modules/send/node_modules/ms Completed in 1041ms
248 http fetch GET 200 https://registry.npmjs.org/ms/-/ms-2.1.2.tgz 774ms (cache miss)
249 timing reifyNode:node_modules/mongoose/node_modules/ms Completed in 1041ms
250 http fetch GET 200 https://registry.npmjs.org/encodeurl/-/encodeurl-1.0.2.tgz 870ms (cache miss)
251 timing reifyNode:node_modules/encodeurl Completed in 1042ms
252 http fetch GET 200 https://registry.npmjs.org/on-finished/-/on-finished-2.3.0.tgz 944ms (cache miss)
253 timing reifyNode:node_modules/on-finished Completed in 1045ms
254 http fetch GET 200 https://registry.npmjs.org/mime-types/-/mime-types-2.1.31.tgz 930ms (cache miss)
255 timing reifyNode:node_modules/mime-types Completed in 1045ms
256 timing reifyNode:node_modules/negotiator Completed in 1049ms
257 http fetch GET 200 https://registry.npmjs.org/cors/-/cors-2.8.5.tgz 789ms (cache miss)
258 timing reifyNode:node_modules/cors Completed in 1051ms
259 http fetch GET 200 https://registry.npmjs.org/safer-buffer/-/safer-buffer-2.1.2.tgz 972ms (cache miss)
260 timing reifyNode:node_modules/safer-buffer Completed in 1053ms
261 http fetch GET 200 https://registry.npmjs.org/safe-buffer/-/safe-buffer-5.1.2.tgz 975ms (cache miss)
262 timing reifyNode:node_modules/safe-buffer Completed in 1057ms
263 http fetch GET 200 https://registry.npmjs.org/accepts/-/accepts-1.3.7.tgz 852ms (cache miss)
264 timing reifyNode:node_modules/accepts Completed in 1061ms
265 http fetch GET 200 https://registry.npmjs.org/bl/-/bl-2.2.1.tgz 856ms (cache miss)
266 timing reifyNode:node_modules/bl Completed in 1063ms
267 http fetch GET 200 https://registry.npmjs.org/cookie 781ms (cache miss)
268 timing metavuln:packument:cookie Completed in 784ms
269 timing metavuln:load:security-advisory:cookie:1103907 Completed in 7ms
270 http fetch GET 200 https://registry.npmjs.org/mpath 792ms (cache miss)
271 timing metavuln:packument:mpath Completed in 793ms
272 timing metavuln:load:security-advisory:mpath:1095075 Completed in 2ms
273 http fetch GET 200 https://registry.npmjs.org/denque/-/denque-1.5.0.tgz 898ms (cache miss)
274 timing reifyNode:node_modules/denque Completed in 1088ms
275 http fetch GET 200 https://registry.npmjs.org/path-to-regexp 797ms (cache miss)
276 timing metavuln:packument:path-to-regexp Completed in 799ms
277 timing metavuln:load:security-advisory:path-to-regexp:1101850 Completed in 5ms
278 timing metavuln:load:security-advisory:path-to-regexp:1105199 Completed in 8ms
279 http fetch GET 200 https://registry.npmjs.org/body-parser/-/body-parser-1.19.0.tgz 909ms (cache miss)
280 http fetch GET 200 https://registry.npmjs.org/depd/-/depd-1.1.2.tgz 932ms (cache miss)
281 http fetch GET 200 https://registry.npmjs.org/@types/bson/-/bson-4.0.3.tgz 864ms (cache miss)
282 timing reifyNode:node_modules/@types/bson Completed in 1124ms
283 http fetch GET 200 https://registry.npmjs.org/body-parser 839ms (cache miss)
284 timing metavuln:packument:body-parser Completed in 841ms
285 timing metavuln:load:security-advisory:body-parser:1099520 Completed in 4ms
286 timing reifyNode:node_modules/depd Completed in 1131ms
287 http fetch GET 200 https://registry.npmjs.org/send 836ms (cache miss)
288 timing metavuln:packument:send Completed in 841ms
289 timing metavuln:load:security-advisory:send:1109556 Completed in 5ms
290 timing reifyNode:node_modules/body-parser Completed in 1147ms
291 http fetch GET 200 https://registry.npmjs.org/send/-/send-0.17.1.tgz 1082ms (cache miss)
292 timing reifyNode:node_modules/send Completed in 1156ms
293 http fetch GET 200 https://registry.npmjs.org/safe-buffer/-/safe-buffer-5.2.1.tgz 895ms (cache miss)
294 timing reifyNode:node_modules/mongoose/node_modules/safe-buffer Completed in 1161ms
295 http fetch GET 200 https://registry.npmjs.org/qs 869ms (cache miss)
296 timing metavuln:packument:qs Completed in 874ms
297 timing metavuln:load:security-advisory:qs:1104120 Completed in 4ms
298 timing metavuln:load:security-advisory:qs:1113161 Completed in 2ms
299 timing metavuln:load:security-advisory:qs:1113719 Completed in 3ms
300 http fetch GET 200 https://registry.npmjs.org/serve-static 912ms (cache miss)
301 timing metavuln:packument:serve-static Completed in 913ms
302 timing metavuln:load:security-advisory:serve-static:1100528 Completed in 9ms
303 http fetch GET 200 https://registry.npmjs.org/mpath/-/mpath-0.8.3.tgz 1131ms (cache miss)
304 timing reifyNode:node_modules/mpath Completed in 1239ms
305 http fetch GET 200 https://registry.npmjs.org/mime/-/mime-1.6.0.tgz 1124ms (cache miss)
306 timing reifyNode:node_modules/mime Completed in 1244ms
307 http fetch GET 200 https://registry.npmjs.org/dotenv/-/dotenv-17.3.1.tgz 1196ms (cache miss)
308 timing reifyNode:node_modules/dotenv Completed in 1253ms
309 timing metavuln:cache:put:security-advisory:cookie:EFt7h/FZLeopARa06+F2CBY5ItUm007mP/cHgZjTJZX1MeIwg3JD7toSioRoDeE8wm5VdkimqlS+CnuPhZqbIg== Completed in 172ms
310 timing metavuln:calculate:security-advisory:cookie:1103907 Completed in 964ms
311 timing metavuln:cache:put:security-advisory:mpath:4DOhntQEr6bpvBBnPU1zaN8uqPOu3g/wGUDv86mzzcjct1Pxrp0hqii+GlOMhzLbetfkrPkQkF7ZqpLKX2MQ/w== Completed in 165ms
312 timing metavuln:calculate:security-advisory:mpath:1095075 Completed in 960ms
313 timing metavuln:cache:put:security-advisory:path-to-regexp:1zdQfT/2s1/9HPIPcJl7TnWCFxsytt3sSe7T+xPf8FNpp2H4co4yvyKagGg4lKEjTVlcftvXdieAZPONp1djoQ== Completed in 156ms
314 timing metavuln:calculate:security-advisory:path-to-regexp:1101850 Completed in 960ms
315 timing metavuln:cache:put:security-advisory:path-to-regexp:0sP5sOjSm2jEVzBjQIX2s9I2rZ6lj48WyfSR+oVtUzndwLs0Cww28/j1R5EWf/fv+a3hc7KtVDL8gxcHV6kAiQ== Completed in 148ms
316 timing metavuln:calculate:security-advisory:path-to-regexp:1105199 Completed in 960ms
317 timing metavuln:cache:put:security-advisory:send:8NP35PpfDEVbqnzPdc9zuVQOxwpjeCWA/vn7Q9SplgLVmZPjGaDssuEM0QllxNS2U4IM79h+Qp8GEO0schn/xw== Completed in 113ms
318 timing metavuln:calculate:security-advisory:send:1109556 Completed in 960ms
319 http fetch GET 200 https://registry.npmjs.org/mime-db/-/mime-db-1.48.0.tgz 1139ms (cache miss)
320 timing reifyNode:node_modules/mime-db Completed in 1255ms
321 timing metavuln:cache:put:security-advisory:body-parser:uoEU0GS6gk35ZdcQ5nagZYzZcDz5Th0PEvPIVa8rzwbO20pRdxYbAhpIm6Wc5MALXoWb1C4X8WqCtH02U0Wo1A== Completed in 127ms
322 timing metavuln:calculate:security-advisory:body-parser:1099520 Completed in 973ms
323 http fetch GET 200 https://registry.npmjs.org/debug/-/debug-3.1.0.tgz 996ms (cache miss)
324 timing reifyNode:node_modules/mquery/node_modules/debug Completed in 1261ms
325 http fetch GET 200 https://registry.npmjs.org/@types/mongodb/-/mongodb-3.6.18.tgz 1049ms (cache miss)
326 http fetch GET 200 https://registry.npmjs.org/kareem/-/kareem-2.3.2.tgz 1134ms (cache miss)
327 timing reifyNode:node_modules/kareem Completed in 1266ms
328 timing reifyNode:node_modules/@types/mongodb Completed in 1266ms
329 http fetch GET 200 https://registry.npmjs.org/debug/-/debug-2.6.9.tgz 1079ms (cache miss)
330 timing reifyNode:node_modules/debug Completed in 1270ms
331 timing metavuln:cache:put:security-advisory:qs:WE8tzXn18LVRro5fVjxzBTi6iaYM5l+bM5jzdkZzVqz4wN5/9t311fip0u6UsClRanYEMF06xHD0kg8wLvTjDg== Completed in 105ms
332 timing metavuln:calculate:security-advisory:qs:1104120 Completed in 983ms
333 timing metavuln:cache:put:security-advisory:qs:vVSN+MRVpdux32gCUfPGidHUGmS/0G5Ziwtmb1YXw3NARw1r47LtySeR7yFf/LZ4sKzi41443WWDDZzPHuCh9g== Completed in 102ms
334 timing metavuln:calculate:security-advisory:qs:1113161 Completed in 981ms
335 timing metavuln:cache:put:security-advisory:qs:iChjlXxtVMTpyXsUse674XoeCayLW4gF6rE7sQcXvHRFegwpM44fUr9Eqlmsmu+S9udu9w9eZmpzcAcyiUJMIQ== Completed in 99ms
336 timing metavuln:calculate:security-advisory:qs:1113719 Completed in 981ms
337 timing metavuln:cache:put:security-advisory:serve-static:VyBBWzRCPk4QPwU71mkZJ+QZdwW0bnbx/lUJDdvhij3t67jGrB4z2A5Ryyta1VjZgpmZ9kuyannc46B7jSSuiQ== Completed in 63ms
338 timing metavuln:calculate:security-advisory:serve-static:1100528 Completed in 986ms
339 http fetch GET 200 https://registry.npmjs.org/express 996ms (cache miss)
340 timing metavuln:packument:express Completed in 1003ms
341 timing metavuln:load:security-advisory:express:1100530 Completed in 14ms
342 timing metavuln:load:security-advisory:express:1111636 Completed in 8ms
343 http fetch GET 200 https://registry.npmjs.org/qs/-/qs-6.7.0.tgz 1247ms (cache miss)
344 timing reifyNode:node_modules/qs Completed in 1340ms
345 http fetch GET 200 https://registry.npmjs.org/readable-stream/-/readable-stream-2.3.7.tgz 1262ms (cache miss)
346 timing reifyNode:node_modules/readable-stream Completed in 1346ms
347 http fetch GET 200 https://registry.npmjs.org/sift/-/sift-13.5.2.tgz 1283ms (cache miss)
348 timing reifyNode:node_modules/sift Completed in 1352ms
349 http fetch GET 200 https://registry.npmjs.org/express/-/express-4.17.1.tgz 1205ms (cache miss)
350 timing reifyNode:node_modules/express Completed in 1351ms
351 timing metavuln:cache:put:security-advisory:express:Y6ACp2DmYM+0HQ/I8CvEhLQJwNp8DOoQ76C8ObH06Y0qG40PIuVRmOi3OWzwUOTASTLCIWqeicWSO/acR3aaGQ== Completed in 46ms
352 timing metavuln:calculate:security-advisory:express:1100530 Completed in 1063ms
353 timing metavuln:cache:put:security-advisory:express:i1lv/mW3LDhCPxcU8tmYv85dckQQGUSeQtASYLVoMkQNcpH1gG93hQzZIslm4Zlt3AYRSx4rg+plteAtIC0Z1w== Completed in 38ms
354 timing metavuln:calculate:security-advisory:express:1111636 Completed in 1063ms
355 http fetch GET 200 https://registry.npmjs.org/saslprep/-/saslprep-1.0.3.tgz 1285ms (cache miss)
356 timing reifyNode:node_modules/saslprep Completed in 1361ms
357 http fetch GET 200 https://registry.npmjs.org/mquery/-/mquery-3.2.5.tgz 1265ms (cache miss)
358 timing reifyNode:node_modules/mquery Completed in 1374ms
359 http fetch GET 200 https://registry.npmjs.org/iconv-lite/-/iconv-lite-0.4.24.tgz 1302ms (cache miss)
360 timing reifyNode:node_modules/iconv-lite Completed in 1442ms
361 http fetch GET 200 https://registry.npmjs.org/bluebird/-/bluebird-3.5.1.tgz 1272ms (cache miss)
362 timing reifyNode:node_modules/bluebird Completed in 1479ms
363 http fetch GET 200 https://registry.npmjs.org/mongoose 1189ms (cache miss)
364 timing metavuln:packument:mongoose Completed in 1208ms
365 timing metavuln:load:security-advisory:mongoose:1101838 Completed in 15ms
366 timing metavuln:load:security-advisory:mongoose:1112939 Completed in 19ms
367 timing metavuln:load:security-advisory:mongoose:1095078 Completed in 33ms
368 timing metavuln:load:security-advisory:mongoose:1095080 Completed in 14ms
369 timing metavuln:load:security-advisory:mongoose:1097158 Completed in 28ms
370 http fetch GET 200 https://registry.npmjs.org/bson/-/bson-1.1.6.tgz 1568ms (cache miss)
371 timing reifyNode:node_modules/bson Completed in 1615ms
372 http fetch GET 200 https://registry.npmjs.org/mongodb 1332ms (cache miss)
373 timing metavuln:packument:mongodb Completed in 1346ms
374 timing metavuln:load:security-advisory:mongodb:1109549 Completed in 23ms
375 timing metavuln:cache:put:security-advisory:mongoose:PY9L+hJXQ8znLcKaVK1pnartJ8q2TQA4MUbuqZxIT/7N4MExb62HGgLbwHsBM+GfkQPHiT+40S3VZuOLUiOJEw== Completed in 149ms
376 timing metavuln:calculate:security-advisory:mongoose:1101838 Completed in 1373ms
377 timing metavuln:cache:put:security-advisory:mongoose:gEMa/beLqXAevsjDYLBifm3UQfQ/2Sjj4PS9KFwI4soSeTSkUvVMzJyNbngQsfOioIqZ1A2Ljmp2MNCw6+M3+w== Completed in 95ms
378 timing metavuln:calculate:security-advisory:mongoose:1095078 Completed in 1372ms
379 timing metavuln:cache:put:security-advisory:mongoose:8uAm/771SVfbk3D1xYq+K0aPZ79s8xQ4upd0Hh1VXh3GWVGmse0fJ8P8KOnUkacGKqA/WDeG/MpTHHeOXqXxpA== Completed in 50ms
380 timing metavuln:calculate:security-advisory:mongoose:1097158 Completed in 1372ms
381 timing metavuln:cache:put:security-advisory:mongoose:vl/fNwF3FHHmAxIGLqSDAw2SQgTek6lcls6yP0eQZl2X7DTrOqBEyrbDbugi15Oh3cxmp3EPBYJrBwFkUXDWbw== Completed in 133ms
382 timing metavuln:calculate:security-advisory:mongoose:1112939 Completed in 1376ms
383 timing metavuln:cache:put:security-advisory:mongoose:enKLCCK/O26qzprOVU+HegHWB7jgsM6m1TcLA+kn2Q3BLSjIu14Z0L0cZ+ol0T5TlCavytYmJRZWIM+P3K/V2A== Completed in 83ms
384 timing metavuln:calculate:security-advisory:mongoose:1095080 Completed in 1376ms
385 http fetch GET 200 https://registry.npmjs.org/@types/node/-/node-15.12.2.tgz 1455ms (cache miss)
386 timing reifyNode:node_modules/@types/node Completed in 1671ms
387 timing metavuln:cache:put:security-advisory:mongodb:1aSEdoKLrH3P2omEqyou1fyIDO1bEgyy3T9TzyTVcMWxNOFSvHPvrlIHESLQT65/YTZBwmIMu55DgdHI/7Fm0w== Completed in 14ms
388 timing metavuln:calculate:security-advisory:mongodb:1109549 Completed in 1383ms
389 timing metavuln:cache:get:security-advisory:express:jvTd6gzTcOHtTpI+4CX7Ne4qICdj+n1Uun+dHPDk1JAyy9ltqA8JnsvVhBi+M0Y+kR5QoSv5YqjecJACWBUhEA== Completed in 1ms
390 timing metavuln:load:security-advisory:express:uoEU0GS6gk35ZdcQ5nagZYzZcDz5Th0PEvPIVa8rzwbO20pRdxYbAhpIm6Wc5MALXoWb1C4X8WqCtH02U0Wo1A== Completed in 22ms
391 timing metavuln:cache:put:security-advisory:express:jvTd6gzTcOHtTpI+4CX7Ne4qICdj+n1Uun+dHPDk1JAyy9ltqA8JnsvVhBi+M0Y+kR5QoSv5YqjecJACWBUhEA== Completed in 11ms
392 timing metavuln:calculate:security-advisory:express:uoEU0GS6gk35ZdcQ5nagZYzZcDz5Th0PEvPIVa8rzwbO20pRdxYbAhpIm6Wc5MALXoWb1C4X8WqCtH02U0Wo1A== Completed in 34ms
393 timing metavuln:cache:get:security-advisory:express:sb5aHYxuv7oTd2v1ApotGTTuwOWqb9o3qRQ2W5Aju5V6v7nYbGS+2GR0OxQkrB3Sgzu051IbP4LwzpKgrH2WGQ== Completed in 1ms
394 timing metavuln:load:security-advisory:express:EFt7h/FZLeopARa06+F2CBY5ItUm007mP/cHgZjTJZX1MeIwg3JD7toSioRoDeE8wm5VdkimqlS+CnuPhZqbIg== Completed in 13ms
395 timing metavuln:cache:put:security-advisory:express:sb5aHYxuv7oTd2v1ApotGTTuwOWqb9o3qRQ2W5Aju5V6v7nYbGS+2GR0OxQkrB3Sgzu051IbP4LwzpKgrH2WGQ== Completed in 9ms
396 timing metavuln:calculate:security-advisory:express:EFt7h/FZLeopARa06+F2CBY5ItUm007mP/cHgZjTJZX1MeIwg3JD7toSioRoDeE8wm5VdkimqlS+CnuPhZqbIg== Completed in 23ms
397 timing metavuln:cache:get:security-advisory:mongoose:/uZpoxxdLXpQ6qVWoXiuGxkO6pmj++LCS4PKE+Llg5BwIScBVoyrvt4ihzC8AZZdZNMQmPaz1RP+cJMHFrXxcA== Completed in 0ms
398 timing metavuln:load:security-advisory:mongoose:1aSEdoKLrH3P2omEqyou1fyIDO1bEgyy3T9TzyTVcMWxNOFSvHPvrlIHESLQT65/YTZBwmIMu55DgdHI/7Fm0w== Completed in 226ms
399 timing metavuln:cache:put:security-advisory:mongoose:/uZpoxxdLXpQ6qVWoXiuGxkO6pmj++LCS4PKE+Llg5BwIScBVoyrvt4ihzC8AZZdZNMQmPaz1RP+cJMHFrXxcA== Completed in 9ms
400 timing metavuln:calculate:security-advisory:mongoose:1aSEdoKLrH3P2omEqyou1fyIDO1bEgyy3T9TzyTVcMWxNOFSvHPvrlIHESLQT65/YTZBwmIMu55DgdHI/7Fm0w== Completed in 235ms
401 timing metavuln:cache:get:security-advisory:mongoose-legacy-pluralize:1cdzzVpaBRibWXCpP7BjPQPatwSz2B5DqQP8ReSMEfGfCCtJHxYjM1MmcEmzNOtRiCjfmtsrBSvlX7nlFwT8NA== Completed in 13ms
402 http fetch GET 200 https://registry.npmjs.org/mongoose-legacy-pluralize 51ms (cache miss)
403 timing metavuln:packument:mongoose-legacy-pluralize Completed in 52ms
404 timing metavuln:load:security-advisory:mongoose-legacy-pluralize:PY9L+hJXQ8znLcKaVK1pnartJ8q2TQA4MUbuqZxIT/7N4MExb62HGgLbwHsBM+GfkQPHiT+40S3VZuOLUiOJEw== Completed in 11ms
405 timing metavuln:cache:put:security-advisory:mongoose-legacy-pluralize:1cdzzVpaBRibWXCpP7BjPQPatwSz2B5DqQP8ReSMEfGfCCtJHxYjM1MmcEmzNOtRiCjfmtsrBSvlX7nlFwT8NA== Completed in 11ms
406 timing metavuln:calculate:security-advisory:mongoose-legacy-pluralize:PY9L+hJXQ8znLcKaVK1pnartJ8q2TQA4MUbuqZxIT/7N4MExb62HGgLbwHsBM+GfkQPHiT+40S3VZuOLUiOJEw== Completed in 74ms
407 timing metavuln:cache:get:security-advisory:mongoose:TFNN3miy/DIeJacu+hFtTLAKHGrXNOEPT1npxkwtdDi3GsE0zmDgm31eAPOFNejx4mK7b192V6hOU4VcRYv4WQ== Completed in 1ms
408 timing metavuln:load:security-advisory:mongoose:4DOhntQEr6bpvBBnPU1zaN8uqPOu3g/wGUDv86mzzcjct1Pxrp0hqii+GlOMhzLbetfkrPkQkF7ZqpLKX2MQ/w== Completed in 40ms
409 timing metavuln:cache:put:security-advisory:mongoose:TFNN3miy/DIeJacu+hFtTLAKHGrXNOEPT1npxkwtdDi3GsE0zmDgm31eAPOFNejx4mK7b192V6hOU4VcRYv4WQ== Completed in 9ms
410 timing metavuln:calculate:security-advisory:mongoose:4DOhntQEr6bpvBBnPU1zaN8uqPOu3g/wGUDv86mzzcjct1Pxrp0hqii+GlOMhzLbetfkrPkQkF7ZqpLKX2MQ/w== Completed in 50ms
411 timing metavuln:cache:get:security-advisory:express:LRbUnr0WeU21QXyqYq0LKWnxCksZVHamePIRXV3//T9Aj7u3VWNsnM6K5ujI/Z6dfOKKNzbMDayMt+lQ7d6K3A== Completed in 0ms
412 timing metavuln:load:security-advisory:express:1zdQfT/2s1/9HPIPcJl7TnWCFxsytt3sSe7T+xPf8FNpp2H4co4yvyKagGg4lKEjTVlcftvXdieAZPONp1djoQ== Completed in 12ms
413 timing metavuln:cache:put:security-advisory:express:LRbUnr0WeU21QXyqYq0LKWnxCksZVHamePIRXV3//T9Aj7u3VWNsnM6K5ujI/Z6dfOKKNzbMDayMt+lQ7d6K3A== Completed in 9ms
414 timing metavuln:calculate:security-advisory:express:1zdQfT/2s1/9HPIPcJl7TnWCFxsytt3sSe7T+xPf8FNpp2H4co4yvyKagGg4lKEjTVlcftvXdieAZPONp1djoQ== Completed in 22ms
415 timing metavuln:cache:get:security-advisory:body-parser:mPeL2aUt+mFahtPHbOdwuDgGfT5W9s9BDiPa0W20PKldiZmNrAGlVCfpNFgt8Vx0FGrwlm6XNNWxCrNOPSRBJw== Completed in 2ms
416 timing metavuln:load:security-advisory:body-parser:WE8tzXn18LVRro5fVjxzBTi6iaYM5l+bM5jzdkZzVqz4wN5/9t311fip0u6UsClRanYEMF06xHD0kg8wLvTjDg== Completed in 19ms
417 timing metavuln:cache:get:security-advisory:express:LeXRrAkrdNB1mqWtQViLNJdIn6trMWg/7DnCoa4A7w6jYIrZQ8tmtnXut1HidbvTL7aG1YInkpWPUB2XD3SlSQ== Completed in 24ms
418 timing metavuln:load:security-advisory:express:WE8tzXn18LVRro5fVjxzBTi6iaYM5l+bM5jzdkZzVqz4wN5/9t311fip0u6UsClRanYEMF06xHD0kg8wLvTjDg== Completed in 6ms
419 http fetch GET 200 https://registry.npmjs.org/mongodb/-/mongodb-3.6.8.tgz 2044ms (cache miss)
420 timing reifyNode:node_modules/mongodb Completed in 2157ms
421 timing metavuln:cache:put:security-advisory:express:LeXRrAkrdNB1mqWtQViLNJdIn6trMWg/7DnCoa4A7w6jYIrZQ8tmtnXut1HidbvTL7aG1YInkpWPUB2XD3SlSQ== Completed in 13ms
422 timing metavuln:calculate:security-advisory:express:WE8tzXn18LVRro5fVjxzBTi6iaYM5l+bM5jzdkZzVqz4wN5/9t311fip0u6UsClRanYEMF06xHD0kg8wLvTjDg== Completed in 43ms
423 timing metavuln:cache:put:security-advisory:body-parser:mPeL2aUt+mFahtPHbOdwuDgGfT5W9s9BDiPa0W20PKldiZmNrAGlVCfpNFgt8Vx0FGrwlm6XNNWxCrNOPSRBJw== Completed in 23ms
424 timing metavuln:calculate:security-advisory:body-parser:WE8tzXn18LVRro5fVjxzBTi6iaYM5l+bM5jzdkZzVqz4wN5/9t311fip0u6UsClRanYEMF06xHD0kg8wLvTjDg== Completed in 46ms
425 timing metavuln:cache:get:security-advisory:express:icN4Z/CnJ3HexuuTzhvyFELlcl9Ayp336wmeTAuWjfT/hbRPW+ZwueDz6SD9ycRuIKM/WmBUFAjzHNHL3NFgtQ== Completed in 1ms
426 timing metavuln:load:security-advisory:express:8NP35PpfDEVbqnzPdc9zuVQOxwpjeCWA/vn7Q9SplgLVmZPjGaDssuEM0QllxNS2U4IM79h+Qp8GEO0schn/xw== Completed in 14ms
427 timing metavuln:cache:get:security-advisory:serve-static:VMA9Xvj5QO+jz0WZF77roG80h0vr8/yqXqCDcQHHVJmej+4wy5CoagzzI0fzX0hekO2hxhcidoF4uBR9z8aY1Q== Completed in 16ms
428 timing metavuln:load:security-advisory:serve-static:8NP35PpfDEVbqnzPdc9zuVQOxwpjeCWA/vn7Q9SplgLVmZPjGaDssuEM0QllxNS2U4IM79h+Qp8GEO0schn/xw== Completed in 10ms
429 timing metavuln:cache:put:security-advisory:express:icN4Z/CnJ3HexuuTzhvyFELlcl9Ayp336wmeTAuWjfT/hbRPW+ZwueDz6SD9ycRuIKM/WmBUFAjzHNHL3NFgtQ== Completed in 21ms
430 timing metavuln:calculate:security-advisory:express:8NP35PpfDEVbqnzPdc9zuVQOxwpjeCWA/vn7Q9SplgLVmZPjGaDssuEM0QllxNS2U4IM79h+Qp8GEO0schn/xw== Completed in 36ms
431 timing metavuln:cache:put:security-advisory:serve-static:VMA9Xvj5QO+jz0WZF77roG80h0vr8/yqXqCDcQHHVJmej+4wy5CoagzzI0fzX0hekO2hxhcidoF4uBR9z8aY1Q== Completed in 12ms
432 timing metavuln:calculate:security-advisory:serve-static:8NP35PpfDEVbqnzPdc9zuVQOxwpjeCWA/vn7Q9SplgLVmZPjGaDssuEM0QllxNS2U4IM79h+Qp8GEO0schn/xw== Completed in 38ms
433 timing metavuln:cache:get:security-advisory:express:kykTo4VuC2rM2MB0/ANQ51tOegcUPd67Lh4iIK7TUUpqt61eQaJ70XtItcffrJ8PoIYxwtnuqm5DJGT19JMA/A== Completed in 0ms
434 timing metavuln:load:security-advisory:express:VyBBWzRCPk4QPwU71mkZJ+QZdwW0bnbx/lUJDdvhij3t67jGrB4z2A5Ryyta1VjZgpmZ9kuyannc46B7jSSuiQ== Completed in 13ms
435 timing metavuln:cache:put:security-advisory:express:kykTo4VuC2rM2MB0/ANQ51tOegcUPd67Lh4iIK7TUUpqt61eQaJ70XtItcffrJ8PoIYxwtnuqm5DJGT19JMA/A== Completed in 4ms
436 timing metavuln:calculate:security-advisory:express:VyBBWzRCPk4QPwU71mkZJ+QZdwW0bnbx/lUJDdvhij3t67jGrB4z2A5Ryyta1VjZgpmZ9kuyannc46B7jSSuiQ== Completed in 17ms
437 timing auditReport:init Completed in 1933ms
438 timing reify:audit Completed in 2232ms
439 http fetch GET 200 https://registry.npmjs.org/mongoose/-/mongoose-5.12.14.tgz 2141ms (cache miss)
440 timing reifyNode:node_modules/mongoose Completed in 2253ms
441 timing reify:unpack Completed in 2256ms
442 timing reify:unretire Completed in 0ms
443 timing build:queue Completed in 2ms
444 timing build:link:node_modules/mime Completed in 5ms
445 timing build:link Completed in 5ms
446 timing build:deps Completed in 7ms
447 timing build Completed in 8ms
448 timing reify:build Completed in 8ms
449 timing reify:trash Completed in 0ms
450 timing reify:save Completed in 32ms
451 timing reify Completed in 2608ms
452 silly ADD node_modules/dotenv
453 silly ADD node_modules/vary
454 silly ADD node_modules/utils-merge
455 silly ADD node_modules/util-deprecate
456 silly ADD node_modules/unpipe
457 silly ADD node_modules/type-is
458 silly ADD node_modules/toidentifier
459 silly ADD node_modules/string_decoder
460 silly ADD node_modules/statuses
461 silly ADD node_modules/sparse-bitfield
462 silly ADD node_modules/sliced
463 silly ADD node_modules/sift
464 silly ADD node_modules/setprototypeof
465 silly ADD node_modules/serve-static
466 silly ADD node_modules/send
467 silly ADD node_modules/send/node_modules/ms
468 silly ADD node_modules/saslprep
469 silly ADD node_modules/safer-buffer
470 silly ADD node_modules/safe-buffer
471 silly ADD node_modules/regexp-clone
472 silly ADD node_modules/readable-stream
473 silly ADD node_modules/raw-body
474 silly ADD node_modules/range-parser
475 silly ADD node_modules/qs
476 silly ADD node_modules/proxy-addr
477 silly ADD node_modules/process-nextick-args
478 silly ADD node_modules/path-to-regexp
479 silly ADD node_modules/parseurl
480 silly ADD node_modules/optional-require
481 silly ADD node_modules/on-finished
482 silly ADD node_modules/object-assign
483 silly ADD node_modules/negotiator
484 silly ADD node_modules/ms
485 silly ADD node_modules/mquery
486 silly ADD node_modules/mquery/node_modules/debug
487 silly ADD node_modules/mpath
488 silly ADD node_modules/mongoose-legacy-pluralize
489 silly ADD node_modules/mongoose
490 silly ADD node_modules/mongoose/node_modules/safe-buffer
491 silly ADD node_modules/mongoose/node_modules/ms
492 silly ADD node_modules/mongodb
493 silly ADD node_modules/mime-types
494 silly ADD node_modules/mime-db
495 silly ADD node_modules/mime
496 silly ADD node_modules/methods
497 silly ADD node_modules/merge-descriptors
498 silly ADD node_modules/memory-pager
499 silly ADD node_modules/media-typer
500 silly ADD node_modules/kareem
501 silly ADD node_modules/isarray
502 silly ADD node_modules/ipaddr.js
503 silly ADD node_modules/inherits
504 silly ADD node_modules/iconv-lite
505 silly ADD node_modules/http-errors
506 silly ADD node_modules/fresh
507 silly ADD node_modules/forwarded
508 silly ADD node_modules/finalhandler
509 silly ADD node_modules/express
510 silly ADD node_modules/etag
511 silly ADD node_modules/escape-html
512 silly ADD node_modules/encodeurl
513 silly ADD node_modules/ee-first
514 silly ADD node_modules/destroy
515 silly ADD node_modules/depd
516 silly ADD node_modules/denque
517 silly ADD node_modules/debug
518 silly ADD node_modules/cors
519 silly ADD node_modules/core-util-is
520 silly ADD node_modules/cookie-signature
521 silly ADD node_modules/cookie
522 silly ADD node_modules/content-type
523 silly ADD node_modules/content-disposition
524 silly ADD node_modules/bytes
525 silly ADD node_modules/bson
526 silly ADD node_modules/body-parser
527 silly ADD node_modules/bluebird
528 silly ADD node_modules/bl
529 silly ADD node_modules/array-flatten
530 silly ADD node_modules/accepts
531 silly ADD node_modules/@types/node
532 silly ADD node_modules/@types/mongodb
533 silly ADD node_modules/@types/bson
534 timing command:install Completed in 2674ms
535 verbose exit 0
536 timing npm Completed in 2732ms
537 info ok
